**Wednesday 9th of July 2014 02:28:39 PM Operador: abcd
/central/statistics/tables_generate.php /var/www/abcd/htdocs/central/dataentry/wxis/administrar.xis IsisScript=/var/www/abcd/htdocs/central/dataentry/wxis/administrar.xis&base=orbe&cipar=/var/www/abcd/bases/par/orbe.par&Opcion=status&path_db=/var/www/abcd/bases/&cttype=s&syspar=/var/www/abcd/bases/par/syspar.par
**Wednesday 9th of July 2014 02:31:46 PM Operador: abcd
/central/statistics/tables_generate.php /var/www/abcd/htdocs/central/dataentry/wxis/administrar.xis IsisScript=/var/www/abcd/htdocs/central/dataentry/wxis/administrar.xis&base=orbe&cipar=/var/www/abcd/bases/par/orbe.par&Opcion=status&path_db=/var/www/abcd/bases/&cttype=s&syspar=/var/www/abcd/bases/par/syspar.par
**Wednesday 9th of July 2014 02:31:50 PM Operador: abcd
/central/statistics/tables_generate.php /var/www/abcd/htdocs/central/dataentry/wxis/administrar.xis IsisScript=/var/www/abcd/htdocs/central/dataentry/wxis/administrar.xis&base=orbe&cipar=/var/www/abcd/bases/par/orbe.par&Opcion=status&path_db=/var/www/abcd/bases/&cttype=s&syspar=/var/www/abcd/bases/par/syspar.par
**Wednesday 9th of July 2014 02:31:51 PM Operador: abcd
/central/statistics/tables_generate.php /var/www/abcd/htdocs/central/dataentry/wxis/administrar.xis IsisScript=/var/www/abcd/htdocs/central/dataentry/wxis/administrar.xis&base=orbe&cipar=/var/www/abcd/bases/par/orbe.par&Opcion=status&path_db=/var/www/abcd/bases/&cttype=s&syspar=/var/www/abcd/bases/par/syspar.par
**Wednesday 9th of July 2014 02:33:30 PM Operador: abcd
/central/statistics/tables_generate.php /var/www/abcd/htdocs/central/dataentry/wxis/administrar.xis IsisScript=/var/www/abcd/htdocs/central/dataentry/wxis/administrar.xis&base=marc&cipar=/var/www/abcd/bases/par/marc.par&Opcion=status&path_db=/var/www/abcd/bases/&cttype=s&syspar=/var/www/abcd/bases/par/syspar.par
**Wednesday 9th of July 2014 02:35:11 PM Operador: abcd
/central/statistics/tables_generate.php /var/www/abcd/htdocs/central/dataentry/wxis/administrar.xis IsisScript=/var/www/abcd/htdocs/central/dataentry/wxis/administrar.xis&base=marc&cipar=/var/www/abcd/bases/par/marc.par&Opcion=status&path_db=/var/www/abcd/bases/&cttype=s&syspar=/var/www/abcd/bases/par/syspar.par
**Wednesday 9th of July 2014 02:37:32 PM Operador: abcd
/central/statistics/tables_generate.php /var/www/abcd/htdocs/central/dataentry/wxis/administrar.xis IsisScript=/var/www/abcd/htdocs/central/dataentry/wxis/administrar.xis&base=marc&cipar=/var/www/abcd/bases/par/marc.par&Opcion=status&path_db=/var/www/abcd/bases/&cttype=s&syspar=/var/www/abcd/bases/par/syspar.par
**Wednesday 9th of July 2014 05:20:54 PM Operador: abcd
/central/dataentry/inicio_main.php /var/www/abcd/htdocs/central/dataentry/wxis/login.xis IsisScript=/var/www/abcd/htdocs/central/dataentry/wxis/login.xis&base=acces&cipar=/var/www/abcd/bases/par/acces.par&login=abcd&password=adm&path_db=/var/www/abcd/bases/&cttype=s&syspar=/var/www/abcd/bases/par/syspar.par
**Wednesday 9th of July 2014 05:20:55 PM Operador: abcd
/central/dataentry/inicio_base.php /var/www/abcd/htdocs/central/dataentry/wxis/administrar.xis IsisScript=/var/www/abcd/htdocs/central/dataentry/wxis/administrar.xis&base=orbe&cipar=/var/www/abcd/bases/par/orbe.par&Opcion=status&path_db=/var/www/abcd/bases/&cttype=s&syspar=/var/www/abcd/bases/par/syspar.par
**Wednesday 9th of July 2014 05:22:59 PM Operador: abcd
/central/dataentry/inicio_main.php /var/www/abcd/htdocs/central/dataentry/wxis/login.xis IsisScript=/var/www/abcd/htdocs/central/dataentry/wxis/login.xis&base=acces&cipar=/var/www/abcd/bases/par/acces.par&login=abcd&password=adm&path_db=/var/www/abcd/bases/&cttype=s&syspar=/var/www/abcd/bases/par/syspar.par
**Wednesday 9th of July 2014 05:22:59 PM Operador: abcd
/central/dataentry/inicio_base.php /var/www/abcd/htdocs/central/dataentry/wxis/administrar.xis IsisScript=/var/www/abcd/htdocs/central/dataentry/wxis/administrar.xis&base=orbe&cipar=/var/www/abcd/bases/par/orbe.par&Opcion=status&path_db=/var/www/abcd/bases/&cttype=s&syspar=/var/www/abcd/bases/par/syspar.par
**Wednesday 9th of July 2014 05:23:33 PM Operador: abcd
/central/statistics/tables_generate.php /var/www/abcd/htdocs/central/dataentry/wxis/administrar.xis IsisScript=/var/www/abcd/htdocs/central/dataentry/wxis/administrar.xis&base=orbe&cipar=/var/www/abcd/bases/par/orbe.par&Opcion=status&path_db=/var/www/abcd/bases/&cttype=s&syspar=/var/www/abcd/bases/par/syspar.par
**Wednesday 9th of July 2014 05:23:44 PM Operador: abcd
/central/statistics/tables_generate.php /var/www/abcd/htdocs/central/dataentry/wxis/administrar.xis IsisScript=/var/www/abcd/htdocs/central/dataentry/wxis/administrar.xis&base=marc&cipar=/var/www/abcd/bases/par/marc.par&Opcion=status&path_db=/var/www/abcd/bases/&cttype=s&syspar=/var/www/abcd/bases/par/syspar.par
**Wednesday 9th of July 2014 05:34:59 PM Operador: abcd
/central/statistics/tables_generate.php /var/www/abcd/htdocs/central/dataentry/wxis/administrar.xis IsisScript=/var/www/abcd/htdocs/central/dataentry/wxis/administrar.xis&base=marc&cipar=/var/www/abcd/bases/par/marc.par&Opcion=status&path_db=/var/www/abcd/bases/&cttype=s&syspar=/var/www/abcd/bases/par/syspar.par
**Wednesday 9th of July 2014 05:35:46 PM Operador: abcd
/central/statistics/tables_generate.php /var/www/abcd/htdocs/central/dataentry/wxis/administrar.xis IsisScript=/var/www/abcd/htdocs/central/dataentry/wxis/administrar.xis&base=marc&cipar=/var/www/abcd/bases/par/marc.par&Opcion=status&path_db=/var/www/abcd/bases/&cttype=s&syspar=/var/www/abcd/bases/par/syspar.par
**Wednesday 9th of July 2014 05:35:51 PM Operador: abcd
/central/statistics/tables_generate_ex.php /var/www/abcd/htdocs/central/dataentry/wxis/imprime.xis IsisScript=/var/www/abcd/htdocs/central/dataentry/wxis/imprime.xis&base=marc&cipar=/var/www/abcd/bases/par/marc.par&Opcion=rango&Formato='$$$$''$$$$'/&from=1&to=51&path_db=/var/www/abcd/bases/&cttype=s&syspar=/var/www/abcd/bases/par/syspar.par
**Wednesday 9th of July 2014 05:36:43 PM Operador: abcd
/central/statistics/tables_generate_ex.php /var/www/abcd/htdocs/central/dataentry/wxis/imprime.xis IsisScript=/var/www/abcd/htdocs/central/dataentry/wxis/imprime.xis&base=marc&cipar=/var/www/abcd/bases/par/marc.par&Opcion=rango&Formato='$$$$''$$$$'/&from=1&to=51&path_db=/var/www/abcd/bases/&cttype=s&syspar=/var/www/abcd/bases/par/syspar.par
**Wednesday 9th of July 2014 05:37:20 PM Operador: abcd
/central/statistics/tables_generate.php /var/www/abcd/htdocs/central/dataentry/wxis/administrar.xis IsisScript=/var/www/abcd/htdocs/central/dataentry/wxis/administrar.xis&base=marc&cipar=/var/www/abcd/bases/par/marc.par&Opcion=status&path_db=/var/www/abcd/bases/&cttype=s&syspar=/var/www/abcd/bases/par/syspar.par
**Wednesday 9th of July 2014 05:37:36 PM Operador: abcd
/central/statistics/tables_generate_ex.php /var/www/abcd/htdocs/central/dataentry/wxis/imprime.xis IsisScript=/var/www/abcd/htdocs/central/dataentry/wxis/imprime.xis&base=marc&cipar=/var/www/abcd/bases/par/marc.par&Opcion=rango&Formato=v80^a'$$$$'v260^c'$$$$'/&from=1&to=51&path_db=/var/www/abcd/bases/&cttype=s&syspar=/var/www/abcd/bases/par/syspar.par
**Wednesday 9th of July 2014 05:38:36 PM Operador: abcd
/central/statistics/tables_generate_ex.php /var/www/abcd/htdocs/central/dataentry/wxis/imprime.xis IsisScript=/var/www/abcd/htdocs/central/dataentry/wxis/imprime.xis&base=marc&cipar=/var/www/abcd/bases/par/marc.par&Opcion=rango&Formato=v80^a'$$$$'v260^c'$$$$'/&from=1&to=51&path_db=/var/www/abcd/bases/&cttype=s&syspar=/var/www/abcd/bases/par/syspar.par
**Wednesday 9th of July 2014 05:39:11 PM Operador: abcd
/central/statistics/tables_generate_ex.php /var/www/abcd/htdocs/central/dataentry/wxis/imprime.xis IsisScript=/var/www/abcd/htdocs/central/dataentry/wxis/imprime.xis&base=marc&cipar=/var/www/abcd/bases/par/marc.par&Opcion=rango&Formato=v80^a'$$$$'v260^c'$$$$'/&from=1&to=51&path_db=/var/www/abcd/bases/&cttype=s&syspar=/var/www/abcd/bases/par/syspar.par
**Wednesday 9th of July 2014 05:39:27 PM Operador: abcd
/central/statistics/tables_generate_ex.php /var/www/abcd/htdocs/central/dataentry/wxis/imprime.xis IsisScript=/var/www/abcd/htdocs/central/dataentry/wxis/imprime.xis&base=marc&cipar=/var/www/abcd/bases/par/marc.par&Opcion=rango&Formato=v80^a'$$$$'v260^c'$$$$'/&from=1&to=51&path_db=/var/www/abcd/bases/&cttype=s&syspar=/var/www/abcd/bases/par/syspar.par
**Wednesday 9th of July 2014 05:40:03 PM Operador: abcd
/central/statistics/tables_generate_ex.php /var/www/abcd/htdocs/central/dataentry/wxis/imprime.xis IsisScript=/var/www/abcd/htdocs/central/dataentry/wxis/imprime.xis&base=marc&cipar=/var/www/abcd/bases/par/marc.par&Opcion=rango&Formato=v80^a'$$$$'v260^c'$$$$'/&from=1&to=51&path_db=/var/www/abcd/bases/&cttype=s&syspar=/var/www/abcd/bases/par/syspar.par
**Wednesday 9th of July 2014 05:40:23 PM Operador: abcd
/central/statistics/tables_generate_ex.php /var/www/abcd/htdocs/central/dataentry/wxis/imprime.xis IsisScript=/var/www/abcd/htdocs/central/dataentry/wxis/imprime.xis&base=marc&cipar=/var/www/abcd/bases/par/marc.par&Opcion=rango&Formato=v80^a'$$$$'v260^c'$$$$'/&from=1&to=51&path_db=/var/www/abcd/bases/&cttype=s&syspar=/var/www/abcd/bases/par/syspar.par
**Wednesday 9th of July 2014 05:40:34 PM Operador: abcd
/central/statistics/tables_generate.php /var/www/abcd/htdocs/central/dataentry/wxis/administrar.xis IsisScript=/var/www/abcd/htdocs/central/dataentry/wxis/administrar.xis&base=marc&cipar=/var/www/abcd/bases/par/marc.par&Opcion=status&path_db=/var/www/abcd/bases/&cttype=s&syspar=/var/www/abcd/bases/par/syspar.par
**Wednesday 9th of July 2014 05:40:43 PM Operador: abcd
/central/statistics/tables_generate_ex.php /var/www/abcd/htdocs/central/dataentry/wxis/imprime.xis IsisScript=/var/www/abcd/htdocs/central/dataentry/wxis/imprime.xis&base=marc&cipar=/var/www/abcd/bases/par/marc.par&Opcion=rango&Formato=v260^c'$$$$'v80^a'$$$$'/&from=1&to=51&path_db=/var/www/abcd/bases/&cttype=s&syspar=/var/www/abcd/bases/par/syspar.par
**Wednesday 9th of July 2014 05:41:12 PM Operador: abcd
/central/statistics/tables_generate_ex.php /var/www/abcd/htdocs/central/dataentry/wxis/imprime.xis IsisScript=/var/www/abcd/htdocs/central/dataentry/wxis/imprime.xis&base=marc&cipar=/var/www/abcd/bases/par/marc.par&Opcion=rango&Formato=v260^c'$$$$'v80^a'$$$$'/&from=1&to=51&path_db=/var/www/abcd/bases/&cttype=s&syspar=/var/www/abcd/bases/par/syspar.par
**Wednesday 9th of July 2014 05:41:15 PM Operador: abcd
/central/statistics/tables_generate.php /var/www/abcd/htdocs/central/dataentry/wxis/administrar.xis IsisScript=/var/www/abcd/htdocs/central/dataentry/wxis/administrar.xis&base=marc&cipar=/var/www/abcd/bases/par/marc.par&Opcion=status&path_db=/var/www/abcd/bases/&cttype=s&syspar=/var/www/abcd/bases/par/syspar.par
**Wednesday 9th of July 2014 05:41:20 PM Operador: abcd
/central/statistics/tables_generate.php /var/www/abcd/htdocs/central/dataentry/wxis/administrar.xis IsisScript=/var/www/abcd/htdocs/central/dataentry/wxis/administrar.xis&base=marc&cipar=/var/www/abcd/bases/par/marc.par&Opcion=status&path_db=/var/www/abcd/bases/&cttype=s&syspar=/var/www/abcd/bases/par/syspar.par
**Wednesday 9th of July 2014 05:41:31 PM Operador: abcd
/central/statistics/tables_generate_ex.php /var/www/abcd/htdocs/central/dataentry/wxis/imprime.xis IsisScript=/var/www/abcd/htdocs/central/dataentry/wxis/imprime.xis&base=marc&cipar=/var/www/abcd/bases/par/marc.par&Opcion=rango&Formato=v80^a'$$$$'v260^c'$$$$'/&from=1&to=51&path_db=/var/www/abcd/bases/&cttype=s&syspar=/var/www/abcd/bases/par/syspar.par
**Wednesday 9th of July 2014 05:41:56 PM Operador: abcd
/central/statistics/tables_generate.php /var/www/abcd/htdocs/central/dataentry/wxis/administrar.xis IsisScript=/var/www/abcd/htdocs/central/dataentry/wxis/administrar.xis&base=marc&cipar=/var/www/abcd/bases/par/marc.par&Opcion=status&path_db=/var/www/abcd/bases/&cttype=s&syspar=/var/www/abcd/bases/par/syspar.par
**Wednesday 9th of July 2014 05:43:20 PM Operador: abcd
/central/statistics/tables_generate.php /var/www/abcd/htdocs/central/dataentry/wxis/administrar.xis IsisScript=/var/www/abcd/htdocs/central/dataentry/wxis/administrar.xis&base=marc&cipar=/var/www/abcd/bases/par/marc.par&Opcion=status&path_db=/var/www/abcd/bases/&cttype=s&syspar=/var/www/abcd/bases/par/syspar.par
**Wednesday 9th of July 2014 05:43:28 PM Operador: abcd
/central/statistics/tables_generate_ex.php /var/www/abcd/htdocs/central/dataentry/wxis/imprime.xis IsisScript=/var/www/abcd/htdocs/central/dataentry/wxis/imprime.xis&base=marc&cipar=/var/www/abcd/bases/par/marc.par&Opcion=rango&Formato=v260^c'$$$$'v80^a'$$$$'/&from=1&to=51&path_db=/var/www/abcd/bases/&cttype=s&syspar=/var/www/abcd/bases/par/syspar.par
**Wednesday 9th of July 2014 05:57:07 PM Operador: abcd
/central/statistics/tables_generate.php /var/www/abcd/htdocs/central/dataentry/wxis/administrar.xis IsisScript=/var/www/abcd/htdocs/central/dataentry/wxis/administrar.xis&base=marc&cipar=/var/www/abcd/bases/par/marc.par&Opcion=status&path_db=/var/www/abcd/bases/&cttype=s&syspar=/var/www/abcd/bases/par/syspar.par
**Wednesday 9th of July 2014 05:57:59 PM Operador: abcd
/central/statistics/tables_generate_ex.php /var/www/abcd/htdocs/central/dataentry/wxis/imprime.xis IsisScript=/var/www/abcd/htdocs/central/dataentry/wxis/imprime.xis&base=marc&cipar=/var/www/abcd/bases/par/marc.par&Opcion=rango&Formato=v260^c'$$$$'v80^a'$$$$'/&from=1&to=51&path_db=/var/www/abcd/bases/&cttype=s&syspar=/var/www/abcd/bases/par/syspar.par
**Wednesday 9th of July 2014 05:58:11 PM Operador: abcd
/central/statistics/tables_generate_ex.php /var/www/abcd/htdocs/central/dataentry/wxis/imprime.xis IsisScript=/var/www/abcd/htdocs/central/dataentry/wxis/imprime.xis&base=marc&cipar=/var/www/abcd/bases/par/marc.par&Opcion=rango&Formato=v260^c'$$$$'v80^a'$$$$'/&from=1&to=51&path_db=/var/www/abcd/bases/&cttype=s&syspar=/var/www/abcd/bases/par/syspar.par
**Wednesday 9th of July 2014 06:00:34 PM Operador: abcd
/central/statistics/tables_generate_ex.php /var/www/abcd/htdocs/central/dataentry/wxis/imprime.xis IsisScript=/var/www/abcd/htdocs/central/dataentry/wxis/imprime.xis&base=marc&cipar=/var/www/abcd/bases/par/marc.par&Opcion=rango&Formato=v260^c'$$$$'v80^a'$$$$'/&from=1&to=51&path_db=/var/www/abcd/bases/&cttype=s&syspar=/var/www/abcd/bases/par/syspar.par
**Wednesday 9th of July 2014 06:00:56 PM Operador: abcd
/central/statistics/tables_generate_ex.php /var/www/abcd/htdocs/central/dataentry/wxis/imprime.xis IsisScript=/var/www/abcd/htdocs/central/dataentry/wxis/imprime.xis&base=marc&cipar=/var/www/abcd/bases/par/marc.par&Opcion=rango&Formato=v260^c'$$$$'v80^a'$$$$'/&from=1&to=51&path_db=/var/www/abcd/bases/&cttype=s&syspar=/var/www/abcd/bases/par/syspar.par
**Wednesday 9th of July 2014 06:01:34 PM Operador: abcd
/central/statistics/tables_generate_ex.php /var/www/abcd/htdocs/central/dataentry/wxis/imprime.xis IsisScript=/var/www/abcd/htdocs/central/dataentry/wxis/imprime.xis&base=marc&cipar=/var/www/abcd/bases/par/marc.par&Opcion=rango&Formato=v260^c'$$$$'v80^a'$$$$'/&from=1&to=51&path_db=/var/www/abcd/bases/&cttype=s&syspar=/var/www/abcd/bases/par/syspar.par
**Wednesday 9th of July 2014 06:01:47 PM Operador: abcd
/central/statistics/tables_generate_ex.php /var/www/abcd/htdocs/central/dataentry/wxis/imprime.xis IsisScript=/var/www/abcd/htdocs/central/dataentry/wxis/imprime.xis&base=marc&cipar=/var/www/abcd/bases/par/marc.par&Opcion=rango&Formato=v260^c'$$$$'v80^a'$$$$'/&from=1&to=51&path_db=/var/www/abcd/bases/&cttype=s&syspar=/var/www/abcd/bases/par/syspar.par
**Wednesday 9th of July 2014 06:02:07 PM Operador: abcd
/central/statistics/tables_generate_ex.php /var/www/abcd/htdocs/central/dataentry/wxis/imprime.xis IsisScript=/var/www/abcd/htdocs/central/dataentry/wxis/imprime.xis&base=marc&cipar=/var/www/abcd/bases/par/marc.par&Opcion=rango&Formato=v260^c'$$$$'v80^a'$$$$'/&from=1&to=51&path_db=/var/www/abcd/bases/&cttype=s&syspar=/var/www/abcd/bases/par/syspar.par
**Wednesday 9th of July 2014 06:02:27 PM Operador: abcd
/central/statistics/tables_generate_ex.php /var/www/abcd/htdocs/central/dataentry/wxis/imprime.xis IsisScript=/var/www/abcd/htdocs/central/dataentry/wxis/imprime.xis&base=marc&cipar=/var/www/abcd/bases/par/marc.par&Opcion=rango&Formato=v260^c'$$$$'v80^a'$$$$'/&from=1&to=51&path_db=/var/www/abcd/bases/&cttype=s&syspar=/var/www/abcd/bases/par/syspar.par
**Wednesday 9th of July 2014 06:02:41 PM Operador: abcd
/central/statistics/tables_generate_ex.php /var/www/abcd/htdocs/central/dataentry/wxis/imprime.xis IsisScript=/var/www/abcd/htdocs/central/dataentry/wxis/imprime.xis&base=marc&cipar=/var/www/abcd/bases/par/marc.par&Opcion=rango&Formato=v260^c'$$$$'v80^a'$$$$'/&from=1&to=51&path_db=/var/www/abcd/bases/&cttype=s&syspar=/var/www/abcd/bases/par/syspar.par
**Wednesday 9th of July 2014 06:03:01 PM Operador: abcd
/central/statistics/tables_generate_ex.php /var/www/abcd/htdocs/central/dataentry/wxis/imprime.xis IsisScript=/var/www/abcd/htdocs/central/dataentry/wxis/imprime.xis&base=marc&cipar=/var/www/abcd/bases/par/marc.par&Opcion=rango&Formato=v260^c'$$$$'v80^a'$$$$'/&from=1&to=51&path_db=/var/www/abcd/bases/&cttype=s&syspar=/var/www/abcd/bases/par/syspar.par
**Wednesday 9th of July 2014 06:07:03 PM Operador: abcd
/central/statistics/tables_generate_ex.php /var/www/abcd/htdocs/central/dataentry/wxis/imprime.xis IsisScript=/var/www/abcd/htdocs/central/dataentry/wxis/imprime.xis&base=marc&cipar=/var/www/abcd/bases/par/marc.par&Opcion=rango&Formato=v260^c'$$$$'v80^a'$$$$'/&from=1&to=51&path_db=/var/www/abcd/bases/&cttype=s&syspar=/var/www/abcd/bases/par/syspar.par
**Wednesday 9th of July 2014 06:07:15 PM Operador: abcd
/central/statistics/tables_generate.php /var/www/abcd/htdocs/central/dataentry/wxis/administrar.xis IsisScript=/var/www/abcd/htdocs/central/dataentry/wxis/administrar.xis&base=marc&cipar=/var/www/abcd/bases/par/marc.par&Opcion=status&path_db=/var/www/abcd/bases/&cttype=s&syspar=/var/www/abcd/bases/par/syspar.par
**Wednesday 9th of July 2014 06:07:23 PM Operador: abcd
/central/statistics/tables_generate_ex.php /var/www/abcd/htdocs/central/dataentry/wxis/imprime.xis IsisScript=/var/www/abcd/htdocs/central/dataentry/wxis/imprime.xis&base=marc&cipar=/var/www/abcd/bases/par/marc.par&Opcion=rango&Formato=v80^a'$$$$'v260^c'$$$$'/&from=1&to=51&path_db=/var/www/abcd/bases/&cttype=s&syspar=/var/www/abcd/bases/par/syspar.par
**Wednesday 9th of July 2014 06:07:46 PM Operador: abcd
/central/statistics/tables_generate_ex.php /var/www/abcd/htdocs/central/dataentry/wxis/imprime.xis IsisScript=/var/www/abcd/htdocs/central/dataentry/wxis/imprime.xis&base=marc&cipar=/var/www/abcd/bases/par/marc.par&Opcion=rango&Formato=v80^a'$$$$'v260^c'$$$$'/&from=1&to=51&path_db=/var/www/abcd/bases/&cttype=s&syspar=/var/www/abcd/bases/par/syspar.par
**Wednesday 9th of July 2014 06:08:32 PM Operador: abcd
/central/statistics/tables_generate_ex.php /var/www/abcd/htdocs/central/dataentry/wxis/imprime.xis IsisScript=/var/www/abcd/htdocs/central/dataentry/wxis/imprime.xis&base=marc&cipar=/var/www/abcd/bases/par/marc.par&Opcion=rango&Formato=v80^a'$$$$'v260^c'$$$$'/&from=1&to=51&path_db=/var/www/abcd/bases/&cttype=s&syspar=/var/www/abcd/bases/par/syspar.par
**Wednesday 9th of July 2014 06:08:53 PM Operador: abcd
/central/statistics/tables_generate_ex.php /var/www/abcd/htdocs/central/dataentry/wxis/imprime.xis IsisScript=/var/www/abcd/htdocs/central/dataentry/wxis/imprime.xis&base=marc&cipar=/var/www/abcd/bases/par/marc.par&Opcion=rango&Formato=v80^a'$$$$'v260^c'$$$$'/&from=1&to=51&path_db=/var/www/abcd/bases/&cttype=s&syspar=/var/www/abcd/bases/par/syspar.par
**Wednesday 9th of July 2014 06:09:14 PM Operador: abcd
/central/statistics/tables_generate.php /var/www/abcd/htdocs/central/dataentry/wxis/administrar.xis IsisScript=/var/www/abcd/htdocs/central/dataentry/wxis/administrar.xis&base=orbe&cipar=/var/www/abcd/bases/par/orbe.par&Opcion=status&path_db=/var/www/abcd/bases/&cttype=s&syspar=/var/www/abcd/bases/par/syspar.par
**Wednesday 9th of July 2014 06:09:20 PM Operador: abcd
/central/statistics/tables_generate.php /var/www/abcd/htdocs/central/dataentry/wxis/administrar.xis IsisScript=/var/www/abcd/htdocs/central/dataentry/wxis/administrar.xis&base=marc&cipar=/var/www/abcd/bases/par/marc.par&Opcion=status&path_db=/var/www/abcd/bases/&cttype=s&syspar=/var/www/abcd/bases/par/syspar.par
**Wednesday 9th of July 2014 06:09:27 PM Operador: abcd
/central/statistics/tables_generate_ex.php /var/www/abcd/htdocs/central/dataentry/wxis/imprime.xis IsisScript=/var/www/abcd/htdocs/central/dataentry/wxis/imprime.xis&base=marc&cipar=/var/www/abcd/bases/par/marc.par&Opcion=rango&Formato=v80^a'$$$$'v260^c'$$$$'/&from=1&to=51&path_db=/var/www/abcd/bases/&cttype=s&syspar=/var/www/abcd/bases/par/syspar.par
**Wednesday 9th of July 2014 06:10:22 PM Operador: abcd
/central/statistics/tables_generate.php /var/www/abcd/htdocs/central/dataentry/wxis/administrar.xis IsisScript=/var/www/abcd/htdocs/central/dataentry/wxis/administrar.xis&base=marc&cipar=/var/www/abcd/bases/par/marc.par&Opcion=status&path_db=/var/www/abcd/bases/&cttype=s&syspar=/var/www/abcd/bases/par/syspar.par
**Wednesday 9th of July 2014 06:10:30 PM Operador: abcd
/central/statistics/tables_generate_ex.php /var/www/abcd/htdocs/central/dataentry/wxis/imprime.xis IsisScript=/var/www/abcd/htdocs/central/dataentry/wxis/imprime.xis&base=marc&cipar=/var/www/abcd/bases/par/marc.par&Opcion=rango&Formato=v80^a'$$$$'v80^a'$$$$'/&from=1&to=51&path_db=/var/www/abcd/bases/&cttype=s&syspar=/var/www/abcd/bases/par/syspar.par
**Wednesday 9th of July 2014 06:11:36 PM Operador: abcd
/central/statistics/tables_generate_ex.php /var/www/abcd/htdocs/central/dataentry/wxis/imprime.xis IsisScript=/var/www/abcd/htdocs/central/dataentry/wxis/imprime.xis&base=marc&cipar=/var/www/abcd/bases/par/marc.par&Opcion=rango&Formato=v80^a'$$$$'v80^a'$$$$'/&from=1&to=51&path_db=/var/www/abcd/bases/&cttype=s&syspar=/var/www/abcd/bases/par/syspar.par
**Wednesday 9th of July 2014 06:11:57 PM Operador: abcd
/central/statistics/tables_generate_ex.php /var/www/abcd/htdocs/central/dataentry/wxis/imprime.xis IsisScript=/var/www/abcd/htdocs/central/dataentry/wxis/imprime.xis&base=marc&cipar=/var/www/abcd/bases/par/marc.par&Opcion=rango&Formato=v80^a'$$$$'v80^a'$$$$'/&from=1&to=51&path_db=/var/www/abcd/bases/&cttype=s&syspar=/var/www/abcd/bases/par/syspar.par
**Wednesday 9th of July 2014 06:12:16 PM Operador: abcd
/central/statistics/tables_generate_ex.php /var/www/abcd/htdocs/central/dataentry/wxis/imprime.xis IsisScript=/var/www/abcd/htdocs/central/dataentry/wxis/imprime.xis&base=marc&cipar=/var/www/abcd/bases/par/marc.par&Opcion=rango&Formato=v80^a'$$$$'v80^a'$$$$'/&from=1&to=51&path_db=/var/www/abcd/bases/&cttype=s&syspar=/var/www/abcd/bases/par/syspar.par
**Wednesday 9th of July 2014 06:16:16 PM Operador: abcd
/central/statistics/tables_generate_ex.php /var/www/abcd/htdocs/central/dataentry/wxis/imprime.xis IsisScript=/var/www/abcd/htdocs/central/dataentry/wxis/imprime.xis&base=marc&cipar=/var/www/abcd/bases/par/marc.par&Opcion=rango&Formato=v80^a'$$$$'v80^a'$$$$'/&from=1&to=51&path_db=/var/www/abcd/bases/&cttype=s&syspar=/var/www/abcd/bases/par/syspar.par
**Wednesday 9th of July 2014 06:18:35 PM Operador: abcd
/central/statistics/tables_generate_ex.php /var/www/abcd/htdocs/central/dataentry/wxis/imprime.xis IsisScript=/var/www/abcd/htdocs/central/dataentry/wxis/imprime.xis&base=marc&cipar=/var/www/abcd/bases/par/marc.par&Opcion=rango&Formato=v80^a'$$$$'v80^a'$$$$'/&from=1&to=51&path_db=/var/www/abcd/bases/&cttype=s&syspar=/var/www/abcd/bases/par/syspar.par
**Wednesday 9th of July 2014 06:19:46 PM Operador: abcd
/central/statistics/tables_generate_ex.php /var/www/abcd/htdocs/central/dataentry/wxis/imprime.xis IsisScript=/var/www/abcd/htdocs/central/dataentry/wxis/imprime.xis&base=marc&cipar=/var/www/abcd/bases/par/marc.par&Opcion=rango&Formato=v80^a'$$$$'v80^a'$$$$'/&from=1&to=51&path_db=/var/www/abcd/bases/&cttype=s&syspar=/var/www/abcd/bases/par/syspar.par
**Wednesday 9th of July 2014 06:19:50 PM Operador: abcd
/central/statistics/tables_generate_ex.php /var/www/abcd/htdocs/central/dataentry/wxis/imprime.xis IsisScript=/var/www/abcd/htdocs/central/dataentry/wxis/imprime.xis&base=marc&cipar=/var/www/abcd/bases/par/marc.par&Opcion=rango&Formato=v80^a'$$$$'v80^a'$$$$'/&from=1&to=51&path_db=/var/www/abcd/bases/&cttype=s&syspar=/var/www/abcd/bases/par/syspar.par
**Wednesday 9th of July 2014 06:20:00 PM Operador: abcd
/central/statistics/tables_generate_ex.php /var/www/abcd/htdocs/central/dataentry/wxis/imprime.xis IsisScript=/var/www/abcd/htdocs/central/dataentry/wxis/imprime.xis&base=marc&cipar=/var/www/abcd/bases/par/marc.par&Opcion=rango&Formato=v80^a'$$$$'v80^a'$$$$'/&from=1&to=51&path_db=/var/www/abcd/bases/&cttype=s&syspar=/var/www/abcd/bases/par/syspar.par
**Wednesday 9th of July 2014 06:24:56 PM Operador: abcd
/central/statistics/tables_generate.php /var/www/abcd/htdocs/central/dataentry/wxis/administrar.xis IsisScript=/var/www/abcd/htdocs/central/dataentry/wxis/administrar.xis&base=marc&cipar=/var/www/abcd/bases/par/marc.par&Opcion=status&path_db=/var/www/abcd/bases/&cttype=s&syspar=/var/www/abcd/bases/par/syspar.par
**Wednesday 9th of July 2014 06:25:06 PM Operador: abcd
/central/dataentry/inicio_main.php /var/www/abcd/htdocs/central/dataentry/wxis/login.xis IsisScript=/var/www/abcd/htdocs/central/dataentry/wxis/login.xis&base=acces&cipar=/var/www/abcd/bases/par/acces.par&login=abcd&password=adm&path_db=/var/www/abcd/bases/&cttype=s&syspar=/var/www/abcd/bases/par/syspar.par
**Wednesday 9th of July 2014 06:25:07 PM Operador: abcd
/central/dataentry/inicio_base.php /var/www/abcd/htdocs/central/dataentry/wxis/administrar.xis IsisScript=/var/www/abcd/htdocs/central/dataentry/wxis/administrar.xis&base=orbe&cipar=/var/www/abcd/bases/par/orbe.par&Opcion=status&path_db=/var/www/abcd/bases/&cttype=s&syspar=/var/www/abcd/bases/par/syspar.par
**Wednesday 9th of July 2014 06:25:09 PM Operador: abcd
/central/dataentry/fmt.php /var/www/abcd/htdocs/central/dataentry/wxis/buscar.xis IsisScript=/var/www/abcd/htdocs/central/dataentry/wxis/buscar.xis&cipar=/var/www/abcd/bases/par/orbe.par&Mfn=7015&Opcion=ver&base=orbe&Formato=/var/www/abcd/bases/orbe/pfts/pt/orbe&path_db=/var/www/abcd/bases/&cttype=s&syspar=/var/www/abcd/bases/par/syspar.par
**Wednesday 9th of July 2014 06:36:44 PM Operador: abcd
/central/statistics/tables_generate.php /var/www/abcd/htdocs/central/dataentry/wxis/administrar.xis IsisScript=/var/www/abcd/htdocs/central/dataentry/wxis/administrar.xis&base=orbe&cipar=/var/www/abcd/bases/par/orbe.par&Opcion=status&path_db=/var/www/abcd/bases/&cttype=s&syspar=/var/www/abcd/bases/par/syspar.par
**Wednesday 9th of July 2014 06:39:12 PM Operador: abcd
/central/statistics/tables_generate.php /var/www/abcd/htdocs/central/dataentry/wxis/administrar.xis IsisScript=/var/www/abcd/htdocs/central/dataentry/wxis/administrar.xis&base=orbe&cipar=/var/www/abcd/bases/par/orbe.par&Opcion=status&path_db=/var/www/abcd/bases/&cttype=s&syspar=/var/www/abcd/bases/par/syspar.par
**Wednesday 9th of July 2014 06:39:17 PM Operador: abcd
/central/statistics/tables_generate.php /var/www/abcd/htdocs/central/dataentry/wxis/administrar.xis IsisScript=/var/www/abcd/htdocs/central/dataentry/wxis/administrar.xis&base=orbe&cipar=/var/www/abcd/bases/par/orbe.par&Opcion=status&path_db=/var/www/abcd/bases/&cttype=s&syspar=/var/www/abcd/bases/par/syspar.par
**Wednesday 9th of July 2014 06:43:22 PM Operador: abcd
/central/statistics/tables_generate.php /var/www/abcd/htdocs/central/dataentry/wxis/administrar.xis IsisScript=/var/www/abcd/htdocs/central/dataentry/wxis/administrar.xis&base=orbe&cipar=/var/www/abcd/bases/par/orbe.par&Opcion=status&path_db=/var/www/abcd/bases/&cttype=s&syspar=/var/www/abcd/bases/par/syspar.par
**Wednesday 9th of July 2014 06:43:34 PM Operador: abcd
/central/statistics/tables_generate_ex.php /var/www/abcd/htdocs/central/dataentry/wxis/imprime.xis IsisScript=/var/www/abcd/htdocs/central/dataentry/wxis/imprime.xis&base=orbe&cipar=/var/www/abcd/bases/par/orbe.par&Opcion=rango&Formato=v30'$$$$'v70'$$$$'/&from=1&to=50&path_db=/var/www/abcd/bases/&cttype=s&syspar=/var/www/abcd/bases/par/syspar.par
**Wednesday 9th of July 2014 06:43:41 PM Operador: abcd
/central/statistics/tables_generate.php /var/www/abcd/htdocs/central/dataentry/wxis/administrar.xis IsisScript=/var/www/abcd/htdocs/central/dataentry/wxis/administrar.xis&base=orbe&cipar=/var/www/abcd/bases/par/orbe.par&Opcion=status&path_db=/var/www/abcd/bases/&cttype=s&syspar=/var/www/abcd/bases/par/syspar.par
**Wednesday 9th of July 2014 07:09:25 PM Operador: abcd
/central/statistics/tables_generate.php /var/www/abcd/htdocs/central/dataentry/wxis/administrar.xis IsisScript=/var/www/abcd/htdocs/central/dataentry/wxis/administrar.xis&base=orbe&cipar=/var/www/abcd/bases/par/orbe.par&Opcion=status&path_db=/var/www/abcd/bases/&cttype=s&syspar=/var/www/abcd/bases/par/syspar.par
**Wednesday 9th of July 2014 07:32:35 PM Operador: abcd
/central/statistics/tables_generate.php /var/www/abcd/htdocs/central/dataentry/wxis/administrar.xis IsisScript=/var/www/abcd/htdocs/central/dataentry/wxis/administrar.xis&base=orbe&cipar=/var/www/abcd/bases/par/orbe.par&Opcion=status&path_db=/var/www/abcd/bases/&cttype=s&syspar=/var/www/abcd/bases/par/syspar.par
**Wednesday 9th of July 2014 08:26:12 PM Operador: abcd
/central/statistics/tables_generate.php /var/www/abcd/htdocs/central/dataentry/wxis/administrar.xis IsisScript=/var/www/abcd/htdocs/central/dataentry/wxis/administrar.xis&base=orbe&cipar=/var/www/abcd/bases/par/orbe.par&Opcion=status&path_db=/var/www/abcd/bases/&cttype=s&syspar=/var/www/abcd/bases/par/syspar.par
**Wednesday 9th of July 2014 08:26:23 PM Operador: abcd
/central/statistics/tables_generate_ex.php /var/www/abcd/htdocs/central/dataentry/wxis/imprime.xis IsisScript=/var/www/abcd/htdocs/central/dataentry/wxis/imprime.xis&base=orbe&cipar=/var/www/abcd/bases/par/orbe.par&Opcion=rango&Formato=v30'$$$$'v50'$$$$'/&from=1&to=500&path_db=/var/www/abcd/bases/&cttype=s&syspar=/var/www/abcd/bases/par/syspar.par
**Wednesday 9th of July 2014 08:26:45 PM Operador: abcd
/central/statistics/tables_generate.php /var/www/abcd/htdocs/central/dataentry/wxis/administrar.xis IsisScript=/var/www/abcd/htdocs/central/dataentry/wxis/administrar.xis&base=orbe&cipar=/var/www/abcd/bases/par/orbe.par&Opcion=status&path_db=/var/www/abcd/bases/&cttype=s&syspar=/var/www/abcd/bases/par/syspar.par
**Wednesday 9th of July 2014 08:26:59 PM Operador: abcd
/central/statistics/tables_generate.php /var/www/abcd/htdocs/central/dataentry/wxis/administrar.xis IsisScript=/var/www/abcd/htdocs/central/dataentry/wxis/administrar.xis&base=orbe&cipar=/var/www/abcd/bases/par/orbe.par&Opcion=status&path_db=/var/www/abcd/bases/&cttype=s&syspar=/var/www/abcd/bases/par/syspar.par
**Wednesday 9th of July 2014 08:27:09 PM Operador: abcd
/central/statistics/tables_generate_ex.php /var/www/abcd/htdocs/central/dataentry/wxis/imprime.xis IsisScript=/var/www/abcd/htdocs/central/dataentry/wxis/imprime.xis&base=orbe&cipar=/var/www/abcd/bases/par/orbe.par&Opcion=rango&Formato=v30'$$$$'v50^a'$$$$'/&from=1&to=7015&path_db=/var/www/abcd/bases/&cttype=s&syspar=/var/www/abcd/bases/par/syspar.par
**Wednesday 9th of July 2014 08:28:59 PM Operador: abcd
/central/statistics/tables_generate.php /var/www/abcd/htdocs/central/dataentry/wxis/administrar.xis IsisScript=/var/www/abcd/htdocs/central/dataentry/wxis/administrar.xis&base=orbe&cipar=/var/www/abcd/bases/par/orbe.par&Opcion=status&path_db=/var/www/abcd/bases/&cttype=s&syspar=/var/www/abcd/bases/par/syspar.par
**Wednesday 9th of July 2014 08:31:17 PM Operador: abcd
/central/statistics/tables_generate.php /var/www/abcd/htdocs/central/dataentry/wxis/administrar.xis IsisScript=/var/www/abcd/htdocs/central/dataentry/wxis/administrar.xis&base=orbe&cipar=/var/www/abcd/bases/par/orbe.par&Opcion=status&path_db=/var/www/abcd/bases/&cttype=s&syspar=/var/www/abcd/bases/par/syspar.par
**Wednesday 9th of July 2014 08:31:24 PM Operador: abcd
/central/statistics/tables_generate_ex.php /var/www/abcd/htdocs/central/dataentry/wxis/imprime.xis IsisScript=/var/www/abcd/htdocs/central/dataentry/wxis/imprime.xis&base=orbe&cipar=/var/www/abcd/bases/par/orbe.par&Opcion=rango&Formato=v30'$$$$'v50^a'$$$$'/&from=1&to=7015&path_db=/var/www/abcd/bases/&cttype=s&syspar=/var/www/abcd/bases/par/syspar.par
**Wednesday 9th of July 2014 08:31:27 PM Operador: abcd
/central/statistics/tables_generate.php /var/www/abcd/htdocs/central/dataentry/wxis/administrar.xis IsisScript=/var/www/abcd/htdocs/central/dataentry/wxis/administrar.xis&base=orbe&cipar=/var/www/abcd/bases/par/orbe.par&Opcion=status&path_db=/var/www/abcd/bases/&cttype=s&syspar=/var/www/abcd/bases/par/syspar.par
**Wednesday 9th of July 2014 08:33:46 PM Operador: abcd
/central/statistics/tables_generate.php /var/www/abcd/htdocs/central/dataentry/wxis/administrar.xis IsisScript=/var/www/abcd/htdocs/central/dataentry/wxis/administrar.xis&base=orbe&cipar=/var/www/abcd/bases/par/orbe.par&Opcion=status&path_db=/var/www/abcd/bases/&cttype=s&syspar=/var/www/abcd/bases/par/syspar.par
**Wednesday 9th of July 2014 08:37:56 PM Operador: abcd
/central/statistics/tables_generate.php /var/www/abcd/htdocs/central/dataentry/wxis/administrar.xis IsisScript=/var/www/abcd/htdocs/central/dataentry/wxis/administrar.xis&base=orbe&cipar=/var/www/abcd/bases/par/orbe.par&Opcion=status&path_db=/var/www/abcd/bases/&cttype=s&syspar=/var/www/abcd/bases/par/syspar.par
**Wednesday 9th of July 2014 08:38:01 PM Operador: abcd
/central/statistics/tables_generate.php /var/www/abcd/htdocs/central/dataentry/wxis/administrar.xis IsisScript=/var/www/abcd/htdocs/central/dataentry/wxis/administrar.xis&base=orbe&cipar=/var/www/abcd/bases/par/orbe.par&Opcion=status&path_db=/var/www/abcd/bases/&cttype=s&syspar=/var/www/abcd/bases/par/syspar.par
