**Wednesday 2nd of July 2014 12:45:09 PM Operador: abcd
/central/dataentry/inicio_main.php /var/www/abcd/htdocs/central/dataentry/wxis/login.xis IsisScript=/var/www/abcd/htdocs/central/dataentry/wxis/login.xis&base=acces&cipar=/var/www/abcd/bases/par/acces.par&login=abcd&password=adm&path_db=/var/www/abcd/bases/&cttype=s&syspar=/var/www/abcd/bases/par/syspar.par
**Wednesday 2nd of July 2014 12:45:10 PM Operador: abcd
/central/dataentry/inicio_base.php /var/www/abcd/htdocs/central/dataentry/wxis/administrar.xis IsisScript=/var/www/abcd/htdocs/central/dataentry/wxis/administrar.xis&base=marc&cipar=/var/www/abcd/bases/par/marc.par&Opcion=status&path_db=/var/www/abcd/bases/&cttype=s&syspar=/var/www/abcd/bases/par/syspar.par
**Wednesday 2nd of July 2014 12:45:13 PM Operador: abcd
/central/dataentry/fmt.php /var/www/abcd/htdocs/central/dataentry/wxis/buscar.xis IsisScript=/var/www/abcd/htdocs/central/dataentry/wxis/buscar.xis&cipar=/var/www/abcd/bases/par/marc.par&Mfn=1&Opcion=ver&base=marc&Formato=/var/www/abcd/bases/marc/pfts/pt/admarc_c&path_db=/var/www/abcd/bases/&cttype=s&syspar=/var/www/abcd/bases/par/syspar.par
**Wednesday 2nd of July 2014 12:45:18 PM Operador: abcd
/central/dataentry/fmt.php /var/www/abcd/htdocs/central/dataentry/wxis/lock.xis IsisScript=/var/www/abcd/htdocs/central/dataentry/wxis/lock.xis&base=marc&cipar=/var/www/abcd/bases/par/marc.par&Mfn=1&login=abcd&lock=S&path_db=/var/www/abcd/bases/&cttype=s&syspar=/var/www/abcd/bases/par/syspar.par
**Wednesday 2nd of July 2014 12:45:18 PM Operador: abcd
/central/dataentry/fmt.php /var/www/abcd/htdocs/central/dataentry/wxis/leer.xis IsisScript=/var/www/abcd/htdocs/central/dataentry/wxis/leer.xis&base=marc&cipar=/var/www/abcd/bases/par/marc.par&Mfn=1&Opcion=editar&login=abcd&password=adm&Pft=if p(v3005) then '3005 'v3005'____$$$' fi,if p(v3006) then '3006 'v3006'____$$$' fi,if p(v3007) then '3007 'v3007'____$$$' fi,if p(v3017) then '3017 'v3017'____$$$' fi,if p(v3018) then '3018 'v3018'____$$$' fi,(if p(v1) then '1 'v1'____$$$' fi),(if p(v3) then '3 'v3'____$$$' fi),(if p(v5) then '5 'v5'____$$$' fi),(if p(v8) then '8 'v8'____$$$' fi),(if p(v10) then '10 'v10'____$$$' fi),(if p(v20) then '20 'v20'____$$$' fi),(if p(v22) then '22 'v22'____$$$' fi),(if p(v40) then '40 'v40'____$$$' fi),(if p(v41) then '41 'v41'____$$$' fi),(if p(v43) then '43 'v43'____$$$' fi),(if p(v44) then '44 'v44'____$$$' fi),(if p(v45) then '45 'v45'____$$$' fi),(if p(v80) then '80 'v80'____$$$' fi),(if p(v82) then '82 'v82'____$$$' fi),(if p(v84) then '84 'v84'____$$$' fi),(if p(v90) then '90 'v90'____$$$' fi),(if p(v100) then '100 'v100'____$$$' fi),(if p(v110) then '110 'v110'____$$$' fi),(if p(v111) then '111 'v111'____$$$' fi),(if p(v210) then '210 'v210'____$$$' fi),(if p(v222) then '222 'v222'____$$$' fi),(if p(v240) then '240 'v240'____$$$' fi),(if p(v242) then '242 'v242'____$$$' fi),(if p(v245) then '245 'v245'____$$$' fi),(if p(v246) then '246 'v246'____$$$' fi),(if p(v250) then '250 'v250'____$$$' fi),(if p(v255) then '255 'v255'____$$$' fi),(if p(v257) then '257 'v257'____$$$' fi),(if p(v260) then '260 'v260'____$$$' fi),(if p(v300) then '300 'v300'____$$$' fi),(if p(v310) then '310 'v310'____$$$' fi),(if p(v321) then '321 'v321'____$$$' fi),(if p(v340) then '340 'v340'____$$$' fi),(if p(v342) then '342 'v342'____$$$' fi),(if p(v351) then '351 'v351'____$$$' fi),(if p(v362) then '362 'v362'____$$$' fi),(if p(v490) then '490 'v490'____$$$' fi),(if p(v500) then '500 'v500'____$$$' fi),(if p(v502) then '502 'v502'____$$$' fi),(if p(v504) then '504 'v504'____$$$' fi),(if p(v505) then '505 'v505'____$$$' fi),(if p(v506) then '506 'v506'____$$$' fi),(if p(v511) then '511 'v511'____$$$' fi),(if p(v516) then '516 'v516'____$$$' fi),(if p(v520) then '520 'v520'____$$$' fi),(if p(v521) then '521 'v521'____$$$' fi),(if p(v533) then '533 'v533'____$$$' fi),(if p(v534) then '534 'v534'____$$$' fi),(if p(v538) then '538 'v538'____$$$' fi),(if p(v546) then '546 'v546'____$$$' fi),(if p(v580) then '580 'v580'____$$$' fi),(if p(v585) then '585 'v585'____$$$' fi),(if p(v586) then '586 'v586'____$$$' fi),(if p(v600) then '600 'v600'____$$$' fi),(if p(v610) then '610 'v610'____$$$' fi),(if p(v611) then '611 'v611'____$$$' fi),(if p(v630) then '630 'v630'____$$$' fi),(if p(v650) then '650 'v650'____$$$' fi),(if p(v651) then '651 'v651'____$$$' fi),(if p(v653) then '653 'v653'____$$$' fi),(if p(v655) then '655 'v655'____$$$' fi),(if p(v700) then '700 'v700'____$$$' fi),(if p(v710) then '710 'v710'____$$$' fi),(if p(v711) then '711 'v711'____$$$' fi),(if p(v730) then '730 'v730'____$$$' fi),(if p(v740) then '740 'v740'____$$$' fi),(if p(v752) then '752 'v752'____$$$' fi),(if p(v754) then '754 'v754'____$$$' fi),(if p(v773) then '773 'v773'____$$$' fi),(if p(v780) then '780 'v780'____$$$' fi),(if p(v785) then '785 'v785'____$$$' fi),(if p(v856) then '856 'v856'____$$$' fi),(if p(v866) then '866 'v866'____$$$' fi),(if p(v900) then '900 'v900'____$$$' fi),(if p(v980) then '980 'v980'____$$$' fi),&lock=S&path_db=/var/www/abcd/bases/&cttype=s&syspar=/var/www/abcd/bases/par/syspar.par
**Wednesday 2nd of July 2014 12:45:35 PM Operador: abcd
/central/dataentry/fmt.php /var/www/abcd/htdocs/central/dataentry/wxis/z3950_cnv.xis IsisScript=/var/www/abcd/htdocs/central/dataentry/wxis/z3950_cnv.xis&base=marc&cipar=/var/www/abcd/bases/par/marc.par&Pft='245:  ',if a(v245) then '<b><font size=3 color=red>O campo 245 - Título principal - está faltando</font></b>' fi,mpl '$$$$','100:  ',if a(v100) and a(v110) and a(v111) then '<b><font size=3 color=red>Falta Entrada principal: campo 100, 110, 111 ou 130</font></b>' fi
 ,mpl '$$$$','8:  ',if ss(1,6,v8)='aammdd' then '<b><font size=3 color=red>A data no campo fixo (008)=aammdd, alterar para a data de hoje no formato indicado</font></b>' fi,mpl '$$$$',':  ',,mpl '$$$$',&ValorCapturado=3005c
3006a
3007m
3017#
3018a
0001100001
0005201407021245.18
0008050216s2000    bl            000 0 por d
0020##^a8503006898 : (broch.)
0020
0040##^aBlRjFGVB^bpor
0040
0090##^a363.30981^dP739
0090
0111##^4rsp
0111
024500^aPobreza, cidadania e segurança /^cJoão Paulo dos Reis Veloso, Roberto Cavalcanti de Albuquerque (coordenadores); Antonio Carlos Magalhães... [et al.]. -
0245
0260##^aPorto Alegre^bJ. Olympio,^c2000.
0260
0300##^a308p. :^bil.
0300
0500##^aIntegra o X Fórum Nacional, sessão extraordinária "estratégias de combate à pobreza" e "Cidadania e a reforma das políticas de segurança pública", realizada em 13 de setembro de 1999.clui o
0500
0650#4^aPobreza^zBrasil.
0650#4^aCidadania^zBrasil.
0650#4^aPolíticas públicas^zBrasil.
0650#4^aSegurança pública^zBrasil.
0650
07001 ^aVelloso, João Paulo dos Reis,^d1931-
07001 ^aAlbuquerque, Roberto Carvalho de,^d1939-
07001 ^aMagalhães, Antonio Carlos,^d1927-
0700
0980^d20140701 07:31:49^oabcd
0980^d20140701 07:32:03^oabcd
0980^d20140702 12:45:18^oabcd
3000
0003
0041
0044
0082
0100
0110
0240
0246
0250
0490
0504
0505
0520
0521
0546
0600
0610
0611
0630
0651
0653
0655
0710
0711
0730
0740
0754
0856
0900

33331&path_db=/var/www/abcd/bases/&cttype=s&syspar=/var/www/abcd/bases/par/syspar.par
**Wednesday 2nd of July 2014 12:45:35 PM Operador: abcd
/central/dataentry/fmt.php /var/www/abcd/htdocs/central/dataentry/wxis/actualizar.xis IsisScript=/var/www/abcd/htdocs/central/dataentry/wxis/actualizar.xis&base=marc&cipar=/var/www/abcd/bases/par/marc.par&login=abcd&Mfn=1&Opcion=actualizar&ValorCapturado=3005c
3006a
3007m
3017#
3018a
0001100001
0005201407021245.18
0008050216s2000    bl            000 0 por d
0020##^a8503006898 : (broch.)
0020
0040##^aBlRjFGVB^bpor
0040
0090##^a363.30981^dP739
0090
0111##^4rsp
0111
024500^aPobreza, cidadania e segurança /^cJoão Paulo dos Reis Veloso, Roberto Cavalcanti de Albuquerque (coordenadores); Antonio Carlos Magalhães... [et al.]. -
0245
0260##^aPorto Alegre^bJ. Olympio,^c2000.
0260
0300##^a308p. :^bil.
0300
0500##^aIntegra o X Fórum Nacional, sessão extraordinária "estratégias de combate à pobreza" e "Cidadania e a reforma das políticas de segurança pública", realizada em 13 de setembro de 1999.clui o
0500
0650#4^aPobreza^zBrasil.
0650#4^aCidadania^zBrasil.
0650#4^aPolíticas públicas^zBrasil.
0650#4^aSegurança pública^zBrasil.
0650
07001 ^aVelloso, João Paulo dos Reis,^d1931-
07001 ^aAlbuquerque, Roberto Carvalho de,^d1939-
07001 ^aMagalhães, Antonio Carlos,^d1927-
0700
0980^d20140701 07:31:49^oabcd
0980^d20140701 07:32:03^oabcd
0980^d20140702 12:45:18^oabcd
3000
0003
0041
0044
0082
0100
0110
0240
0246
0250
0490
0504
0505
0520
0521
0546
0600
0610
0611
0630
0651
0653
0655
0710
0711
0730
0740
0754
0856
0900
&wks=BK_a_LI.fmt&path_db=/var/www/abcd/bases/&cttype=s&syspar=/var/www/abcd/bases/par/syspar.par
**Wednesday 2nd of July 2014 12:45:35 PM Operador: abcd
/central/dataentry/fmt.php /var/www/abcd/htdocs/central/dataentry/wxis/buscar.xis IsisScript=/var/www/abcd/htdocs/central/dataentry/wxis/buscar.xis&cipar=/var/www/abcd/bases/par/marc.par&Mfn=1&Opcion=ver&base=marc&Formato=/var/www/abcd/bases/marc/pfts/pt/admarc_c&path_db=/var/www/abcd/bases/&cttype=s&syspar=/var/www/abcd/bases/par/syspar.par
**Wednesday 2nd of July 2014 02:42:13 PM Operador: abcd
/central/common/inicio.php /var/www/abcd/htdocs/central/dataentry/wxis/login.xis IsisScript=/var/www/abcd/htdocs/central/dataentry/wxis/login.xis&base=acces&cipar=/var/www/abcd/bases/par/acces.par&login=abcd&password=adm&path_db=/var/www/abcd/bases/&cttype=s&syspar=/var/www/abcd/bases/par/syspar.par
**Wednesday 2nd of July 2014 06:28:23 PM Operador: abcd
/central/dataentry/inicio_main.php /var/www/abcd/htdocs/central/dataentry/wxis/login.xis IsisScript=/var/www/abcd/htdocs/central/dataentry/wxis/login.xis&base=acces&cipar=/var/www/abcd/bases/par/acces.par&login=abcd&password=adm&path_db=/var/www/abcd/bases/&cttype=s&syspar=/var/www/abcd/bases/par/syspar.par
**Wednesday 2nd of July 2014 06:28:24 PM Operador: abcd
/central/dataentry/inicio_base.php /var/www/abcd/htdocs/central/dataentry/wxis/administrar.xis IsisScript=/var/www/abcd/htdocs/central/dataentry/wxis/administrar.xis&base=orbe&cipar=/var/www/abcd/bases/par/orbe.par&Opcion=status&path_db=/var/www/abcd/bases/&cttype=s&syspar=/var/www/abcd/bases/par/syspar.par
**Wednesday 2nd of July 2014 06:28:44 PM Operador: abcd
/central/dataentry/inicio_main.php /var/www/abcd/htdocs/central/dataentry/wxis/login.xis IsisScript=/var/www/abcd/htdocs/central/dataentry/wxis/login.xis&base=acces&cipar=/var/www/abcd/bases/par/acces.par&login=abcd&password=adm&path_db=/var/www/abcd/bases/&cttype=s&syspar=/var/www/abcd/bases/par/syspar.par
**Wednesday 2nd of July 2014 06:28:45 PM Operador: abcd
/central/dataentry/inicio_base.php /var/www/abcd/htdocs/central/dataentry/wxis/administrar.xis IsisScript=/var/www/abcd/htdocs/central/dataentry/wxis/administrar.xis&base=orbe&cipar=/var/www/abcd/bases/par/orbe.par&Opcion=status&path_db=/var/www/abcd/bases/&cttype=s&syspar=/var/www/abcd/bases/par/syspar.par
**Wednesday 2nd of July 2014 06:35:06 PM Operador: abcd
/central/statistics/tables_generate.php /var/www/abcd/htdocs/central/dataentry/wxis/administrar.xis IsisScript=/var/www/abcd/htdocs/central/dataentry/wxis/administrar.xis&base=orbe&cipar=/var/www/abcd/bases/par/orbe.par&Opcion=status&path_db=/var/www/abcd/bases/&cttype=s&syspar=/var/www/abcd/bases/par/syspar.par
**Wednesday 2nd of July 2014 06:35:29 PM Operador: abcd
/central/statistics/tables_generate.php /var/www/abcd/htdocs/central/dataentry/wxis/administrar.xis IsisScript=/var/www/abcd/htdocs/central/dataentry/wxis/administrar.xis&base=orbe&cipar=/var/www/abcd/bases/par/orbe.par&Opcion=status&path_db=/var/www/abcd/bases/&cttype=s&syspar=/var/www/abcd/bases/par/syspar.par
**Wednesday 2nd of July 2014 06:35:57 PM Operador: abcd
/central/statistics/tables_generate.php /var/www/abcd/htdocs/central/dataentry/wxis/administrar.xis IsisScript=/var/www/abcd/htdocs/central/dataentry/wxis/administrar.xis&base=orbe&cipar=/var/www/abcd/bases/par/orbe.par&Opcion=status&path_db=/var/www/abcd/bases/&cttype=s&syspar=/var/www/abcd/bases/par/syspar.par
**Wednesday 2nd of July 2014 06:37:38 PM Operador: abcd
/central/dataentry/inicio_main.php /var/www/abcd/htdocs/central/dataentry/wxis/login.xis IsisScript=/var/www/abcd/htdocs/central/dataentry/wxis/login.xis&base=acces&cipar=/var/www/abcd/bases/par/acces.par&login=abcd&password=adm&path_db=/var/www/abcd/bases/&cttype=s&syspar=/var/www/abcd/bases/par/syspar.par
**Wednesday 2nd of July 2014 06:37:43 PM Operador: abcd
/central/statistics/tables_generate.php /var/www/abcd/htdocs/central/dataentry/wxis/administrar.xis IsisScript=/var/www/abcd/htdocs/central/dataentry/wxis/administrar.xis&base=orbe&cipar=/var/www/abcd/bases/par/orbe.par&Opcion=status&path_db=/var/www/abcd/bases/&cttype=s&syspar=/var/www/abcd/bases/par/syspar.par
**Wednesday 2nd of July 2014 06:37:44 PM Operador: abcd
/central/dataentry/inicio_main.php /var/www/abcd/htdocs/central/dataentry/wxis/login.xis IsisScript=/var/www/abcd/htdocs/central/dataentry/wxis/login.xis&base=acces&cipar=/var/www/abcd/bases/par/acces.par&login=abcd&password=adm&path_db=/var/www/abcd/bases/&cttype=s&syspar=/var/www/abcd/bases/par/syspar.par
**Wednesday 2nd of July 2014 06:37:54 PM Operador: abcd
/central/dataentry/inicio_main.php /var/www/abcd/htdocs/central/dataentry/wxis/login.xis IsisScript=/var/www/abcd/htdocs/central/dataentry/wxis/login.xis&base=acces&cipar=/var/www/abcd/bases/par/acces.par&login=abcd&password=adm&path_db=/var/www/abcd/bases/&cttype=s&syspar=/var/www/abcd/bases/par/syspar.par
**Wednesday 2nd of July 2014 06:37:55 PM Operador: abcd
/central/dataentry/inicio_main.php /var/www/abcd/htdocs/central/dataentry/wxis/login.xis IsisScript=/var/www/abcd/htdocs/central/dataentry/wxis/login.xis&base=acces&cipar=/var/www/abcd/bases/par/acces.par&login=abcd&password=adm&path_db=/var/www/abcd/bases/&cttype=s&syspar=/var/www/abcd/bases/par/syspar.par
**Wednesday 2nd of July 2014 06:38:06 PM Operador: abcd
/central/dataentry/inicio_main.php /var/www/abcd/htdocs/central/dataentry/wxis/login.xis IsisScript=/var/www/abcd/htdocs/central/dataentry/wxis/login.xis&base=acces&cipar=/var/www/abcd/bases/par/acces.par&login=abcd&password=adm&path_db=/var/www/abcd/bases/&cttype=s&syspar=/var/www/abcd/bases/par/syspar.par
**Wednesday 2nd of July 2014 06:38:07 PM Operador: abcd
/central/dataentry/inicio_base.php /var/www/abcd/htdocs/central/dataentry/wxis/administrar.xis IsisScript=/var/www/abcd/htdocs/central/dataentry/wxis/administrar.xis&base=orbe&cipar=/var/www/abcd/bases/par/orbe.par&Opcion=status&path_db=/var/www/abcd/bases/&cttype=s&syspar=/var/www/abcd/bases/par/syspar.par
**Wednesday 2nd of July 2014 06:38:16 PM Operador: abcd
/central/statistics/tables_generate.php /var/www/abcd/htdocs/central/dataentry/wxis/administrar.xis IsisScript=/var/www/abcd/htdocs/central/dataentry/wxis/administrar.xis&base=orbe&cipar=/var/www/abcd/bases/par/orbe.par&Opcion=status&path_db=/var/www/abcd/bases/&cttype=s&syspar=/var/www/abcd/bases/par/syspar.par
**Wednesday 2nd of July 2014 06:38:23 PM Operador: abcd
/central/dataentry/inicio_main.php /var/www/abcd/htdocs/central/dataentry/wxis/login.xis IsisScript=/var/www/abcd/htdocs/central/dataentry/wxis/login.xis&base=acces&cipar=/var/www/abcd/bases/par/acces.par&login=abcd&password=adm&path_db=/var/www/abcd/bases/&cttype=s&syspar=/var/www/abcd/bases/par/syspar.par
**Wednesday 2nd of July 2014 06:38:25 PM Operador: abcd
/central/statistics/tables_generate.php /var/www/abcd/htdocs/central/dataentry/wxis/administrar.xis IsisScript=/var/www/abcd/htdocs/central/dataentry/wxis/administrar.xis&base=orbe&cipar=/var/www/abcd/bases/par/orbe.par&Opcion=status&path_db=/var/www/abcd/bases/&cttype=s&syspar=/var/www/abcd/bases/par/syspar.par
**Wednesday 2nd of July 2014 06:38:45 PM Operador: abcd
/central/dataentry/imprimir_g.php /var/www/abcd/htdocs/central/dataentry/wxis/imprime.xis IsisScript=/var/www/abcd/htdocs/central/dataentry/wxis/imprime.xis&base=orbe&cipar=/var/www/abcd/bases/par/orbe.par&Expresion=&Opcion=rango&Word=S&Formato=@/var/www/abcd/bases/orbe/pfts/pt/orbe.pft&from=1&to=2&path_db=/var/www/abcd/bases/&cttype=s&syspar=/var/www/abcd/bases/par/syspar.par
**Wednesday 2nd of July 2014 06:38:51 PM Operador: abcd
/central/dataentry/imprimir_g.php /var/www/abcd/htdocs/central/dataentry/wxis/imprime.xis IsisScript=/var/www/abcd/htdocs/central/dataentry/wxis/imprime.xis&base=orbe&cipar=/var/www/abcd/bases/par/orbe.par&Expresion=&Opcion=rango&Word=S&Formato=@/var/www/abcd/bases/orbe/pfts/pt/orbe.pft&from=1&to=2&path_db=/var/www/abcd/bases/&cttype=s&syspar=/var/www/abcd/bases/par/syspar.par
**Wednesday 2nd of July 2014 06:40:00 PM Operador: abcd
/central/dataentry/inicio_main.php /var/www/abcd/htdocs/central/dataentry/wxis/login.xis IsisScript=/var/www/abcd/htdocs/central/dataentry/wxis/login.xis&base=acces&cipar=/var/www/abcd/bases/par/acces.par&login=abcd&password=adm&path_db=/var/www/abcd/bases/&cttype=s&syspar=/var/www/abcd/bases/par/syspar.par
**Wednesday 2nd of July 2014 06:40:03 PM Operador: abcd
/central/dataentry/inicio_main.php /var/www/abcd/htdocs/central/dataentry/wxis/login.xis IsisScript=/var/www/abcd/htdocs/central/dataentry/wxis/login.xis&base=acces&cipar=/var/www/abcd/bases/par/acces.par&login=abcd&password=adm&path_db=/var/www/abcd/bases/&cttype=s&syspar=/var/www/abcd/bases/par/syspar.par
**Wednesday 2nd of July 2014 06:40:06 PM Operador: abcd
/central/dataentry/inicio_main.php /var/www/abcd/htdocs/central/dataentry/wxis/login.xis IsisScript=/var/www/abcd/htdocs/central/dataentry/wxis/login.xis&base=acces&cipar=/var/www/abcd/bases/par/acces.par&login=abcd&password=adm&path_db=/var/www/abcd/bases/&cttype=s&syspar=/var/www/abcd/bases/par/syspar.par
**Wednesday 2nd of July 2014 06:40:07 PM Operador: abcd
/central/dataentry/inicio_base.php /var/www/abcd/htdocs/central/dataentry/wxis/administrar.xis IsisScript=/var/www/abcd/htdocs/central/dataentry/wxis/administrar.xis&base=orbe&cipar=/var/www/abcd/bases/par/orbe.par&Opcion=status&path_db=/var/www/abcd/bases/&cttype=s&syspar=/var/www/abcd/bases/par/syspar.par
**Wednesday 2nd of July 2014 06:40:10 PM Operador: abcd
/central/dataentry/inicio_main.php /var/www/abcd/htdocs/central/dataentry/wxis/login.xis IsisScript=/var/www/abcd/htdocs/central/dataentry/wxis/login.xis&base=acces&cipar=/var/www/abcd/bases/par/acces.par&login=abcd&password=adm&path_db=/var/www/abcd/bases/&cttype=s&syspar=/var/www/abcd/bases/par/syspar.par
**Wednesday 2nd of July 2014 06:40:11 PM Operador: abcd
/central/dataentry/inicio_base.php /var/www/abcd/htdocs/central/dataentry/wxis/administrar.xis IsisScript=/var/www/abcd/htdocs/central/dataentry/wxis/administrar.xis&base=orbe&cipar=/var/www/abcd/bases/par/orbe.par&Opcion=status&path_db=/var/www/abcd/bases/&cttype=s&syspar=/var/www/abcd/bases/par/syspar.par
**Wednesday 2nd of July 2014 06:40:14 PM Operador: abcd
/central/statistics/tables_generate.php /var/www/abcd/htdocs/central/dataentry/wxis/administrar.xis IsisScript=/var/www/abcd/htdocs/central/dataentry/wxis/administrar.xis&base=orbe&cipar=/var/www/abcd/bases/par/orbe.par&Opcion=status&path_db=/var/www/abcd/bases/&cttype=s&syspar=/var/www/abcd/bases/par/syspar.par
**Wednesday 2nd of July 2014 06:40:22 PM Operador: abcd
/central/dataentry/inicio_main.php /var/www/abcd/htdocs/central/dataentry/wxis/login.xis IsisScript=/var/www/abcd/htdocs/central/dataentry/wxis/login.xis&base=acces&cipar=/var/www/abcd/bases/par/acces.par&login=abcd&password=adm&path_db=/var/www/abcd/bases/&cttype=s&syspar=/var/www/abcd/bases/par/syspar.par
**Wednesday 2nd of July 2014 06:40:24 PM Operador: abcd
/central/statistics/tables_generate.php /var/www/abcd/htdocs/central/dataentry/wxis/administrar.xis IsisScript=/var/www/abcd/htdocs/central/dataentry/wxis/administrar.xis&base=orbe&cipar=/var/www/abcd/bases/par/orbe.par&Opcion=status&path_db=/var/www/abcd/bases/&cttype=s&syspar=/var/www/abcd/bases/par/syspar.par
**Wednesday 2nd of July 2014 06:40:30 PM Operador: abcd
/central/dataentry/inicio_main.php /var/www/abcd/htdocs/central/dataentry/wxis/login.xis IsisScript=/var/www/abcd/htdocs/central/dataentry/wxis/login.xis&base=acces&cipar=/var/www/abcd/bases/par/acces.par&login=abcd&password=adm&path_db=/var/www/abcd/bases/&cttype=s&syspar=/var/www/abcd/bases/par/syspar.par
**Wednesday 2nd of July 2014 06:40:31 PM Operador: abcd
/central/statistics/tables_generate.php /var/www/abcd/htdocs/central/dataentry/wxis/administrar.xis IsisScript=/var/www/abcd/htdocs/central/dataentry/wxis/administrar.xis&base=orbe&cipar=/var/www/abcd/bases/par/orbe.par&Opcion=status&path_db=/var/www/abcd/bases/&cttype=s&syspar=/var/www/abcd/bases/par/syspar.par
**Wednesday 2nd of July 2014 06:40:35 PM Operador: abcd
/central/dataentry/inicio_main.php /var/www/abcd/htdocs/central/dataentry/wxis/login.xis IsisScript=/var/www/abcd/htdocs/central/dataentry/wxis/login.xis&base=acces&cipar=/var/www/abcd/bases/par/acces.par&login=abcd&password=adm&path_db=/var/www/abcd/bases/&cttype=s&syspar=/var/www/abcd/bases/par/syspar.par
**Wednesday 2nd of July 2014 06:40:37 PM Operador: abcd
/central/dataentry/inicio_main.php /var/www/abcd/htdocs/central/dataentry/wxis/login.xis IsisScript=/var/www/abcd/htdocs/central/dataentry/wxis/login.xis&base=acces&cipar=/var/www/abcd/bases/par/acces.par&login=abcd&password=adm&path_db=/var/www/abcd/bases/&cttype=s&syspar=/var/www/abcd/bases/par/syspar.par
**Wednesday 2nd of July 2014 06:40:38 PM Operador: abcd
/central/dataentry/inicio_main.php /var/www/abcd/htdocs/central/dataentry/wxis/login.xis IsisScript=/var/www/abcd/htdocs/central/dataentry/wxis/login.xis&base=acces&cipar=/var/www/abcd/bases/par/acces.par&login=abcd&password=adm&path_db=/var/www/abcd/bases/&cttype=s&syspar=/var/www/abcd/bases/par/syspar.par
**Wednesday 2nd of July 2014 06:40:39 PM Operador: abcd
/central/dataentry/inicio_main.php /var/www/abcd/htdocs/central/dataentry/wxis/login.xis IsisScript=/var/www/abcd/htdocs/central/dataentry/wxis/login.xis&base=acces&cipar=/var/www/abcd/bases/par/acces.par&login=abcd&password=adm&path_db=/var/www/abcd/bases/&cttype=s&syspar=/var/www/abcd/bases/par/syspar.par
**Wednesday 2nd of July 2014 06:40:39 PM Operador: abcd
/central/dataentry/inicio_main.php /var/www/abcd/htdocs/central/dataentry/wxis/login.xis IsisScript=/var/www/abcd/htdocs/central/dataentry/wxis/login.xis&base=acces&cipar=/var/www/abcd/bases/par/acces.par&login=abcd&password=adm&path_db=/var/www/abcd/bases/&cttype=s&syspar=/var/www/abcd/bases/par/syspar.par
**Wednesday 2nd of July 2014 06:40:42 PM Operador: abcd
/central/dataentry/inicio_main.php /var/www/abcd/htdocs/central/dataentry/wxis/login.xis IsisScript=/var/www/abcd/htdocs/central/dataentry/wxis/login.xis&base=acces&cipar=/var/www/abcd/bases/par/acces.par&login=abcd&password=adm&path_db=/var/www/abcd/bases/&cttype=s&syspar=/var/www/abcd/bases/par/syspar.par
**Wednesday 2nd of July 2014 06:40:43 PM Operador: abcd
/central/statistics/tables_generate.php /var/www/abcd/htdocs/central/dataentry/wxis/administrar.xis IsisScript=/var/www/abcd/htdocs/central/dataentry/wxis/administrar.xis&base=orbe&cipar=/var/www/abcd/bases/par/orbe.par&Opcion=status&path_db=/var/www/abcd/bases/&cttype=s&syspar=/var/www/abcd/bases/par/syspar.par
**Wednesday 2nd of July 2014 06:40:47 PM Operador: abcd
/central/dataentry/inicio_main.php /var/www/abcd/htdocs/central/dataentry/wxis/login.xis IsisScript=/var/www/abcd/htdocs/central/dataentry/wxis/login.xis&base=acces&cipar=/var/www/abcd/bases/par/acces.par&login=abcd&password=adm&path_db=/var/www/abcd/bases/&cttype=s&syspar=/var/www/abcd/bases/par/syspar.par
**Wednesday 2nd of July 2014 06:40:54 PM Operador: abcd
/central/dataentry/inicio_main.php /var/www/abcd/htdocs/central/dataentry/wxis/login.xis IsisScript=/var/www/abcd/htdocs/central/dataentry/wxis/login.xis&base=acces&cipar=/var/www/abcd/bases/par/acces.par&login=abcd&password=adm&path_db=/var/www/abcd/bases/&cttype=s&syspar=/var/www/abcd/bases/par/syspar.par
**Wednesday 2nd of July 2014 06:40:55 PM Operador: abcd
/central/dataentry/inicio_base.php /var/www/abcd/htdocs/central/dataentry/wxis/administrar.xis IsisScript=/var/www/abcd/htdocs/central/dataentry/wxis/administrar.xis&base=orbe&cipar=/var/www/abcd/bases/par/orbe.par&Opcion=status&path_db=/var/www/abcd/bases/&cttype=s&syspar=/var/www/abcd/bases/par/syspar.par
**Wednesday 2nd of July 2014 06:40:58 PM Operador: abcd
/central/dataentry/inicio_main.php /var/www/abcd/htdocs/central/dataentry/wxis/login.xis IsisScript=/var/www/abcd/htdocs/central/dataentry/wxis/login.xis&base=acces&cipar=/var/www/abcd/bases/par/acces.par&login=abcd&password=adm&path_db=/var/www/abcd/bases/&cttype=s&syspar=/var/www/abcd/bases/par/syspar.par
**Wednesday 2nd of July 2014 06:40:58 PM Operador: abcd
/central/dataentry/inicio_base.php /var/www/abcd/htdocs/central/dataentry/wxis/administrar.xis IsisScript=/var/www/abcd/htdocs/central/dataentry/wxis/administrar.xis&base=orbe&cipar=/var/www/abcd/bases/par/orbe.par&Opcion=status&path_db=/var/www/abcd/bases/&cttype=s&syspar=/var/www/abcd/bases/par/syspar.par
**Wednesday 2nd of July 2014 06:41:02 PM Operador: abcd
/central/statistics/tables_generate.php /var/www/abcd/htdocs/central/dataentry/wxis/administrar.xis IsisScript=/var/www/abcd/htdocs/central/dataentry/wxis/administrar.xis&base=orbe&cipar=/var/www/abcd/bases/par/orbe.par&Opcion=status&path_db=/var/www/abcd/bases/&cttype=s&syspar=/var/www/abcd/bases/par/syspar.par
**Wednesday 2nd of July 2014 06:41:03 PM Operador: abcd
/central/dataentry/inicio_main.php /var/www/abcd/htdocs/central/dataentry/wxis/login.xis IsisScript=/var/www/abcd/htdocs/central/dataentry/wxis/login.xis&base=acces&cipar=/var/www/abcd/bases/par/acces.par&login=abcd&password=adm&path_db=/var/www/abcd/bases/&cttype=s&syspar=/var/www/abcd/bases/par/syspar.par
**Wednesday 2nd of July 2014 06:41:05 PM Operador: abcd
/central/dataentry/inicio_main.php /var/www/abcd/htdocs/central/dataentry/wxis/login.xis IsisScript=/var/www/abcd/htdocs/central/dataentry/wxis/login.xis&base=acces&cipar=/var/www/abcd/bases/par/acces.par&login=abcd&password=adm&path_db=/var/www/abcd/bases/&cttype=s&syspar=/var/www/abcd/bases/par/syspar.par
**Wednesday 2nd of July 2014 06:41:06 PM Operador: abcd
/central/dataentry/inicio_main.php /var/www/abcd/htdocs/central/dataentry/wxis/login.xis IsisScript=/var/www/abcd/htdocs/central/dataentry/wxis/login.xis&base=acces&cipar=/var/www/abcd/bases/par/acces.par&login=abcd&password=adm&path_db=/var/www/abcd/bases/&cttype=s&syspar=/var/www/abcd/bases/par/syspar.par
